# JRE version: Java(TM) SE Runtime Environment (8.0_45-b15) (build 1.8.0_45-b15)
# Java VM: Java HotSpot(TM) 64-Bit Server VM (25.45-b02 mixed mode windows-amd64 compressed oops)
Heap:
 PSYoungGen      total 55808K, used 33793K [0x00000000f5580000, 0x00000000f9800000, 0x0000000100000000)
  eden space 52736K, 58% used [0x00000000f5580000,0x00000000f73b6d40,0x00000000f8900000)
  from space 3072K, 92% used [0x00000000f8a00000,0x00000000f8cc96e0,0x00000000f8d00000)
  to   space 7680K, 0% used [0x00000000f9080000,0x00000000f9080000,0x00000000f9800000)
 ParOldGen       total 115712K, used 34830K [0x00000000e0000000, 0x00000000e7100000, 0x00000000f5580000)
  object space 115712K, 30% used [0x00000000e0000000,0x00000000e2203ab8,0x00000000e7100000)
 Metaspace       used 79464K, capacity 85790K, committed 85888K, reserved 1124352K
  class space    used 9606K, capacity 11638K, committed 11648K, reserved 1048576K
GC Heap History (10 events):
Event: 1375.629 GC heap before
{Heap before GC invocations=68 (full 23):
 PSYoungGen      total 61952K, used 3445K [0x00000000f5580000, 0x00000000f9b00000, 0x0000000100000000)
  eden space 53760K, 6% used [0x00000000f5580000,0x00000000f58dd6e8,0x00000000f8a00000)
  from space 8192K, 0% used [0x00000000f9300000,0x00000000f9300000,0x00000000f9b00000)
  to   space 8704K, 0% used [0x00000000f8a00000,0x00000000f8a00000,0x00000000f9280000)
 ParOldGen       total 115712K, used 34708K [0x00000000e0000000, 0x00000000e7100000, 0x00000000f5580000)
  object space 115712K, 29% used [0x00000000e0000000,0x00000000e21e5170,0x00000000e7100000)
 Metaspace       used 78182K, capacity 84556K, committed 84864K, reserved 1122304K
  class space    used 9492K, capacity 11535K, committed 11648K, reserved 1048576K
Event: 1375.631 GC heap after
Heap after GC invocations=68 (full 23):
 PSYoungGen      total 54272K, used 256K [0x00000000f5580000, 0x00000000f9a00000, 0x0000000100000000)
  eden space 53760K, 0% used [0x00000000f5580000,0x00000000f5580000,0x00000000f8a00000)
  from space 512K, 50% used [0x00000000f8a00000,0x00000000f8a40000,0x00000000f8a80000)
  to   space 8192K, 0% used [0x00000000f9200000,0x00000000f9200000,0x00000000f9a00000)
 ParOldGen       total 115712K, used 34716K [0x00000000e0000000, 0x00000000e7100000, 0x00000000f5580000)
  object space 115712K, 30% used [0x00000000e0000000,0x00000000e21e7170,0x00000000e7100000)
 Metaspace       used 78182K, capacity 84556K, committed 84864K, reserved 1122304K
  class space    used 9492K, capacity 11535K, committed 11648K, reserved 1048576K
}
Event: 1375.631 GC heap before
{Heap before GC invocations=69 (full 24):
 PSYoungGen      total 54272K, used 256K [0x00000000f5580000, 0x00000000f9a00000, 0x0000000100000000)
  eden space 53760K, 0% used [0x00000000f5580000,0x00000000f5580000,0x00000000f8a00000)
  from space 512K, 50% used [0x00000000f8a00000,0x00000000f8a40000,0x00000000f8a80000)
  to   space 8192K, 0% used [0x00000000f9200000,0x00000000f9200000,0x00000000f9a00000)
 ParOldGen       total 115712K, used 34716K [0x00000000e0000000, 0x00000000e7100000, 0x00000000f5580000)
  object space 115712K, 30% used [0x00000000e0000000,0x00000000e21e7170,0x00000000e7100000)
 Metaspace       used 78182K, capacity 84556K, committed 84864K, reserved 1122304K
  class space    used 9492K, capacity 11535K, committed 11648K, reserved 1048576K
Event: 1375.718 GC heap after
Heap after GC invocations=69 (full 24):
 PSYoungGen      total 54272K, used 0K [0x00000000f5580000, 0x00000000f9a00000, 0x0000000100000000)
  eden space 53760K, 0% used [0x00000000f5580000,0x00000000f5580000,0x00000000f8a00000)
  from space 512K, 0% used [0x00000000f8a00000,0x00000000f8a00000,0x00000000f8a80000)
  to   space 8192K, 0% used [0x00000000f9200000,0x00000000f9200000,0x00000000f9a00000)
 ParOldGen       total 115712K, used 34718K [0x00000000e0000000, 0x00000000e7100000, 0x00000000f5580000)
  object space 115712K, 30% used [0x00000000e0000000,0x00000000e21e7b80,0x00000000e7100000)
 Metaspace       used 78182K, capacity 84556K, committed 84864K, reserved 1122304K
  class space    used 9492K, capacity 11535K, committed 11648K, reserved 1048576K
}
Event: 1435.635 GC heap before
{Heap before GC invocations=70 (full 24):
 PSYoungGen      total 54272K, used 10150K [0x00000000f5580000, 0x00000000f9a00000, 0x0000000100000000)
  eden space 53760K, 18% used [0x00000000f5580000,0x00000000f5f69910,0x00000000f8a00000)
  from space 512K, 0% used [0x00000000f8a00000,0x00000000f8a00000,0x00000000f8a80000)
  to   space 8192K, 0% used [0x00000000f9200000,0x00000000f9200000,0x00000000f9a00000)
 ParOldGen       total 115712K, used 34718K [0x00000000e0000000, 0x00000000e7100000, 0x00000000f5580000)
  object space 115712K, 30% used [0x00000000e0000000,0x00000000e21e7b80,0x00000000e7100000)
 Metaspace       used 78288K, capacity 84624K, committed 84864K, reserved 1122304K
  class space    used 9493K, capacity 11535K, committed 11648K, reserved 1048576K
Event: 1435.638 GC heap after
Heap after GC invocations=70 (full 24):
 PSYoungGen      total 60928K, used 480K [0x00000000f5580000, 0x00000000f9900000, 0x0000000100000000)
  eden space 53760K, 0% used [0x00000000f5580000,0x00000000f5580000,0x00000000f8a00000)
  from space 7168K, 6% used [0x00000000f9200000,0x00000000f9278000,0x00000000f9900000)
  to   space 7680K, 0% used [0x00000000f8a00000,0x00000000f8a00000,0x00000000f9180000)
 ParOldGen       total 115712K, used 34726K [0x00000000e0000000, 0x00000000e7100000, 0x00000000f5580000)
  object space 115712K, 30% used [0x00000000e0000000,0x00000000e21e9b80,0x00000000e7100000)
 Metaspace       used 78288K, capacity 84624K, committed 84864K, reserved 1122304K
  class space    used 9493K, capacity 11535K, committed 11648K, reserved 1048576K
}
Event: 1435.638 GC heap before
{Heap before GC invocations=71 (full 25):
 PSYoungGen      total 60928K, used 480K [0x00000000f5580000, 0x00000000f9900000, 0x0000000100000000)
  eden space 53760K, 0% used [0x00000000f5580000,0x00000000f5580000,0x00000000f8a00000)
  from space 7168K, 6% used [0x00000000f9200000,0x00000000f9278000,0x00000000f9900000)
  to   space 7680K, 0% used [0x00000000f8a00000,0x00000000f8a00000,0x00000000f9180000)
 ParOldGen       total 115712K, used 34726K [0x00000000e0000000, 0x00000000e7100000, 0x00000000f5580000)
  object space 115712K, 30% used [0x00000000e0000000,0x00000000e21e9b80,0x00000000e7100000)
 Metaspace       used 78288K, capacity 84624K, committed 84864K, reserved 1122304K
  class space    used 9493K, capacity 11535K, committed 11648K, reserved 1048576K
Event: 1435.870 GC heap after
Heap after GC invocations=71 (full 25):
 PSYoungGen      total 60928K, used 0K [0x00000000f5580000, 0x00000000f9900000, 0x0000000100000000)
  eden space 53760K, 0% used [0x00000000f5580000,0x00000000f5580000,0x00000000f8a00000)
  from space 7168K, 0% used [0x00000000f9200000,0x00000000f9200000,0x00000000f9900000)
  to   space 7680K, 0% used [0x00000000f8a00000,0x00000000f8a00000,0x00000000f9180000)
 ParOldGen       total 115712K, used 34822K [0x00000000e0000000, 0x00000000e7100000, 0x00000000f5580000)
  object space 115712K, 30% used [0x00000000e0000000,0x00000000e2201ab8,0x00000000e7100000)
 Metaspace       used 78288K, capacity 84624K, committed 84864K, reserved 1122304K
  class space    used 9493K, capacity 11535K, committed 11648K, reserved 1048576K
}
Event: 1628.780 GC heap before
{Heap before GC invocations=72 (full 25):
 PSYoungGen      total 60928K, used 53760K [0x00000000f5580000, 0x00000000f9900000, 0x0000000100000000)
  eden space 53760K, 100% used [0x00000000f5580000,0x00000000f8a00000,0x00000000f8a00000)
  from space 7168K, 0% used [0x00000000f9200000,0x00000000f9200000,0x00000000f9900000)
  to   space 7680K, 0% used [0x00000000f8a00000,0x00000000f8a00000,0x00000000f9180000)
 ParOldGen       total 115712K, used 34822K [0x00000000e0000000, 0x00000000e7100000, 0x00000000f5580000)
  object space 115712K, 30% used [0x00000000e0000000,0x00000000e2201ab8,0x00000000e7100000)
 Metaspace       used 78535K, capacity 84782K, committed 85120K, reserved 1122304K
  class space    used 9496K, capacity 11540K, committed 11648K, reserved 1048576K
Event: 1628.784 GC heap after
Heap after GC invocations=72 (full 25):
 PSYoungGen      total 55808K, used 2853K [0x00000000f5580000, 0x00000000f9800000, 0x0000000100000000)
  eden space 52736K, 0% used [0x00000000f5580000,0x00000000f5580000,0x00000000f8900000)
  from space 3072K, 92% used [0x00000000f8a00000,0x00000000f8cc96e0,0x00000000f8d00000)
  to   space 7680K, 0% used [0x00000000f9080000,0x00000000f9080000,0x00000000f9800000)
 ParOldGen       total 115712K, used 34830K [0x00000000e0000000, 0x00000000e7100000, 0x00000000f5580000)
  object space 115712K, 30% used [0x00000000e0000000,0x00000000e2203ab8,0x00000000e7100000)
 Metaspace       used 78535K, capacity 84782K, committed 85120K, reserved 1122304K
  class space    used 9496K, capacity 11540K, committed 11648K, reserved 1048576K
}

